[1.690s] Invoking command in '/home/h/ros2_ws/build/crc_calculator': PYTHONPATH=/home/h/ros2_ws/build/crc_calculator/prefix_override:/usr/lib/python3/dist-packages/colcon_core/task/python/colcon_distutils_commands:/home/h/ros2_ws/install/crc_calculator/lib/python3.10/site-packages:${PYTHONPATH} /usr/bin/python3 -W ignore:setup.py install is deprecated -W ignore:easy_install command is deprecated setup.py develop --editable --build-directory /home/h/ros2_ws/build/crc_calculator/build --no-deps symlink_data
[2.217s] running develop
[2.533s] running egg_info
[2.533s] writing crc_calculator.egg-info/PKG-INFO
[2.533s] writing dependency_links to crc_calculator.egg-info/dependency_links.txt
[2.533s] writing entry points to crc_calculator.egg-info/entry_points.txt
[2.534s] writing requirements to crc_calculator.egg-info/requires.txt
[2.534s] writing top-level names to crc_calculator.egg-info/top_level.txt
[2.535s] reading manifest file 'crc_calculator.egg-info/SOURCES.txt'
[2.536s] writing manifest file 'crc_calculator.egg-info/SOURCES.txt'
[2.540s] running build_ext
[2.540s] Creating /home/h/ros2_ws/install/crc_calculator/lib/python3.10/site-packages/crc-calculator.egg-link (link to .)
[2.541s] Installing crc_calculator script to /home/h/ros2_ws/install/crc_calculator/lib/crc_calculator
[2.541s] Installing decimal_to_hex_node script to /home/h/ros2_ws/install/crc_calculator/lib/crc_calculator
[2.541s] Installing diff_drive_to_rpm script to /home/h/ros2_ws/install/crc_calculator/lib/crc_calculator
[2.541s] Installing send_modbus_series script to /home/h/ros2_ws/install/crc_calculator/lib/crc_calculator
[2.541s] 
[2.541s] Installed /home/h/ros2_ws/build/crc_calculator
[2.541s] running symlink_data
[2.563s] Invoked command in '/home/h/ros2_ws/build/crc_calculator' returned '0': PYTHONPATH=/home/h/ros2_ws/build/crc_calculator/prefix_override:/usr/lib/python3/dist-packages/colcon_core/task/python/colcon_distutils_commands:/home/h/ros2_ws/install/crc_calculator/lib/python3.10/site-packages:${PYTHONPATH} /usr/bin/python3 -W ignore:setup.py install is deprecated -W ignore:easy_install command is deprecated setup.py develop --editable --build-directory /home/h/ros2_ws/build/crc_calculator/build --no-deps symlink_data
