[1.655s] Invoking command in '/home/h/ros2_ws/build/modbus_node': PYTHONPATH=/home/h/ros2_ws/build/modbus_node/prefix_override:/usr/lib/python3/dist-packages/colcon_core/task/python/colcon_distutils_commands:/home/h/ros2_ws/install/modbus_node/lib/python3.10/site-packages:${PYTHONPATH} /usr/bin/python3 -W ignore:setup.py install is deprecated -W ignore:easy_install command is deprecated setup.py develop --editable --build-directory /home/h/ros2_ws/build/modbus_node/build --no-deps symlink_data
[2.146s] running develop
[2.452s] running egg_info
[2.452s] writing modbus_node.egg-info/PKG-INFO
[2.452s] writing dependency_links to modbus_node.egg-info/dependency_links.txt
[2.452s] writing entry points to modbus_node.egg-info/entry_points.txt
[2.452s] writing requirements to modbus_node.egg-info/requires.txt
[2.453s] writing top-level names to modbus_node.egg-info/top_level.txt
[2.454s] reading manifest file 'modbus_node.egg-info/SOURCES.txt'
[2.455s] writing manifest file 'modbus_node.egg-info/SOURCES.txt'
[2.459s] running build_ext
[2.460s] Creating /home/h/ros2_ws/install/modbus_node/lib/python3.10/site-packages/modbus-node.egg-link (link to .)
[2.460s] Installing read_distance script to /home/h/ros2_ws/install/modbus_node/lib/modbus_node
[2.461s] Installing read_distance_pub_odom script to /home/h/ros2_ws/install/modbus_node/lib/modbus_node
[2.461s] Installing read_speed_values script to /home/h/ros2_ws/install/modbus_node/lib/modbus_node
[2.461s] Installing reset_distance script to /home/h/ros2_ws/install/modbus_node/lib/modbus_node
[2.461s] Installing send_raw_modbus_series script to /home/h/ros2_ws/install/modbus_node/lib/modbus_node
[2.461s] Installing write_speed_max script to /home/h/ros2_ws/install/modbus_node/lib/modbus_node
[2.461s] Installing write_speed_syn_differential_manual script to /home/h/ros2_ws/install/modbus_node/lib/modbus_node
[2.461s] Installing write_speed_sync_sub_cmdvel script to /home/h/ros2_ws/install/modbus_node/lib/modbus_node
[2.461s] 
[2.461s] Installed /home/h/ros2_ws/build/modbus_node
[2.461s] running symlink_data
[2.488s] Invoked command in '/home/h/ros2_ws/build/modbus_node' returned '0': PYTHONPATH=/home/h/ros2_ws/build/modbus_node/prefix_override:/usr/lib/python3/dist-packages/colcon_core/task/python/colcon_distutils_commands:/home/h/ros2_ws/install/modbus_node/lib/python3.10/site-packages:${PYTHONPATH} /usr/bin/python3 -W ignore:setup.py install is deprecated -W ignore:easy_install command is deprecated setup.py develop --editable --build-directory /home/h/ros2_ws/build/modbus_node/build --no-deps symlink_data
