[1.662s] Invoking command in '/home/h/ros2_ws/build/crc_calculator': PYTHONPATH=/home/h/ros2_ws/build/crc_calculator/prefix_override:/usr/lib/python3/dist-packages/colcon_core/task/python/colcon_distutils_commands:/home/h/ros2_ws/install/crc_calculator/lib/python3.10/site-packages:${PYTHONPATH} /usr/bin/python3 -W ignore:setup.py install is deprecated -W ignore:easy_install command is deprecated setup.py develop --editable --build-directory /home/h/ros2_ws/build/crc_calculator/build --no-deps symlink_data
[2.150s] running develop
[2.461s] running egg_info
[2.461s] creating crc_calculator.egg-info
[2.461s] writing crc_calculator.egg-info/PKG-INFO
[2.461s] writing dependency_links to crc_calculator.egg-info/dependency_links.txt
[2.461s] writing entry points to crc_calculator.egg-info/entry_points.txt
[2.462s] writing requirements to crc_calculator.egg-info/requires.txt
[2.462s] writing top-level names to crc_calculator.egg-info/top_level.txt
[2.462s] writing manifest file 'crc_calculator.egg-info/SOURCES.txt'
[2.463s] reading manifest file 'crc_calculator.egg-info/SOURCES.txt'
[2.464s] writing manifest file 'crc_calculator.egg-info/SOURCES.txt'
[2.468s] running build_ext
[2.469s] Creating /home/h/ros2_ws/install/crc_calculator/lib/python3.10/site-packages/crc-calculator.egg-link (link to .)
[2.469s] Installing crc_calculator script to /home/h/ros2_ws/install/crc_calculator/lib/crc_calculator
[2.470s] Installing decimal_to_hex_node script to /home/h/ros2_ws/install/crc_calculator/lib/crc_calculator
[2.470s] Installing diff_drive_to_rpm = crc_calculator.diff_drive_to_rpm:mainsend_modbus_series script to /home/h/ros2_ws/install/crc_calculator/lib/crc_calculator
[2.470s] 
[2.470s] Installed /home/h/ros2_ws/build/crc_calculator
[2.470s] running symlink_data
[2.470s] creating /home/h/ros2_ws/install/crc_calculator/share/ament_index
[2.470s] creating /home/h/ros2_ws/install/crc_calculator/share/ament_index/resource_index
[2.470s] creating /home/h/ros2_ws/install/crc_calculator/share/ament_index/resource_index/packages
[2.470s] symbolically linking /home/h/ros2_ws/build/crc_calculator/resource/crc_calculator -> /home/h/ros2_ws/install/crc_calculator/share/ament_index/resource_index/packages
[2.470s] symbolically linking /home/h/ros2_ws/build/crc_calculator/package.xml -> /home/h/ros2_ws/install/crc_calculator/share/crc_calculator
[2.495s] Invoked command in '/home/h/ros2_ws/build/crc_calculator' returned '0': PYTHONPATH=/home/h/ros2_ws/build/crc_calculator/prefix_override:/usr/lib/python3/dist-packages/colcon_core/task/python/colcon_distutils_commands:/home/h/ros2_ws/install/crc_calculator/lib/python3.10/site-packages:${PYTHONPATH} /usr/bin/python3 -W ignore:setup.py install is deprecated -W ignore:easy_install command is deprecated setup.py develop --editable --build-directory /home/h/ros2_ws/build/crc_calculator/build --no-deps symlink_data
