[1.626s] Invoking command in '/home/h/ros2_ws/build/modbus_node': PYTHONPATH=/home/h/ros2_ws/build/modbus_node/prefix_override:/usr/lib/python3/dist-packages/colcon_core/task/python/colcon_distutils_commands:/home/h/ros2_ws/install/modbus_node/lib/python3.10/site-packages:${PYTHONPATH} /usr/bin/python3 -W ignore:setup.py install is deprecated -W ignore:easy_install command is deprecated setup.py develop --editable --build-directory /home/h/ros2_ws/build/modbus_node/build --no-deps symlink_data
[2.120s] running develop
[2.419s] running egg_info
[2.420s] creating modbus_node.egg-info
[2.420s] writing modbus_node.egg-info/PKG-INFO
[2.420s] writing dependency_links to modbus_node.egg-info/dependency_links.txt
[2.420s] writing entry points to modbus_node.egg-info/entry_points.txt
[2.420s] writing requirements to modbus_node.egg-info/requires.txt
[2.420s] writing top-level names to modbus_node.egg-info/top_level.txt
[2.420s] writing manifest file 'modbus_node.egg-info/SOURCES.txt'
[2.422s] reading manifest file 'modbus_node.egg-info/SOURCES.txt'
[2.422s] writing manifest file 'modbus_node.egg-info/SOURCES.txt'
[2.426s] running build_ext
[2.427s] Creating /home/h/ros2_ws/install/modbus_node/lib/python3.10/site-packages/modbus-node.egg-link (link to .)
[2.427s] Installing read_distance script to /home/h/ros2_ws/install/modbus_node/lib/modbus_node
[2.428s] Installing read_distance_pub_odom script to /home/h/ros2_ws/install/modbus_node/lib/modbus_node
[2.428s] Installing read_speed_values script to /home/h/ros2_ws/install/modbus_node/lib/modbus_node
[2.428s] Installing reset_distance script to /home/h/ros2_ws/install/modbus_node/lib/modbus_node
[2.428s] Installing send_raw_modbus_series script to /home/h/ros2_ws/install/modbus_node/lib/modbus_node
[2.428s] Installing write_speed_max script to /home/h/ros2_ws/install/modbus_node/lib/modbus_node
[2.428s] Installing write_speed_syn_differential_manual script to /home/h/ros2_ws/install/modbus_node/lib/modbus_node
[2.428s] Installing write_speed_sync_sub_cmdvel script to /home/h/ros2_ws/install/modbus_node/lib/modbus_node
[2.428s] 
[2.429s] Installed /home/h/ros2_ws/build/modbus_node
[2.429s] running symlink_data
[2.429s] creating /home/h/ros2_ws/install/modbus_node/share/ament_index
[2.429s] creating /home/h/ros2_ws/install/modbus_node/share/ament_index/resource_index
[2.429s] creating /home/h/ros2_ws/install/modbus_node/share/ament_index/resource_index/packages
[2.429s] symbolically linking /home/h/ros2_ws/build/modbus_node/resource/modbus_node -> /home/h/ros2_ws/install/modbus_node/share/ament_index/resource_index/packages
[2.429s] symbolically linking /home/h/ros2_ws/build/modbus_node/package.xml -> /home/h/ros2_ws/install/modbus_node/share/modbus_node
[2.454s] Invoked command in '/home/h/ros2_ws/build/modbus_node' returned '0': PYTHONPATH=/home/h/ros2_ws/build/modbus_node/prefix_override:/usr/lib/python3/dist-packages/colcon_core/task/python/colcon_distutils_commands:/home/h/ros2_ws/install/modbus_node/lib/python3.10/site-packages:${PYTHONPATH} /usr/bin/python3 -W ignore:setup.py install is deprecated -W ignore:easy_install command is deprecated setup.py develop --editable --build-directory /home/h/ros2_ws/build/modbus_node/build --no-deps symlink_data
