[0.200s] DEBUG:colcon:Command line arguments: ['/usr/bin/colcon', 'build', '--symlink-install']
[0.200s] DEBUG:colcon:Parsed command line arguments: Namespace(log_base=None, log_level=None, verb_name='build', build_base='build', install_base='install', merge_install=False, symlink_install=True, test_result_base=None, continue_on_error=False, executor='parallel', parallel_workers=12, event_handlers=None, ignore_user_meta=False, metas=['./colcon.meta'], base_paths=['.'], packages_ignore=None, packages_ignore_regex=None, paths=None, packages_up_to=None, packages_up_to_regex=None, packages_above=None, packages_above_and_dependencies=None, packages_above_depth=None, packages_select_by_dep=None, packages_skip_by_dep=None, packages_skip_up_to=None, packages_select_build_failed=False, packages_skip_build_finished=False, packages_select_test_failures=False, packages_skip_test_passed=False, packages_select=None, packages_skip=None, packages_select_regex=None, packages_skip_regex=None, packages_start=None, packages_end=None, allow_overriding=[], cmake_args=None, cmake_target=None, cmake_target_skip_unavailable=False, cmake_clean_cache=False, cmake_clean_first=False, cmake_force_configure=False, ament_cmake_args=None, catkin_cmake_args=None, catkin_skip_building_tests=False, mixin_files=None, mixin=None, verb_parser=<colcon_mixin.mixin.mixin_argument.MixinArgumentDecorator object at 0x7042236ef7c0>, verb_extension=<colcon_core.verb.build.BuildVerb object at 0x7042236ef1f0>, main=<bound method BuildVerb.main of <colcon_core.verb.build.BuildVerb object at 0x7042236ef1f0>>, mixin_verb=('build',))
[0.450s] Level 1:colcon.colcon_core.package_discovery:discover_packages(colcon_meta) check parameters
[0.450s] Level 1:colcon.colcon_core.package_discovery:discover_packages(recursive) check parameters
[0.450s] Level 1:colcon.colcon_core.package_discovery:discover_packages(ignore) check parameters
[0.450s] Level 1:colcon.colcon_core.package_discovery:discover_packages(path) check parameters
[0.450s] Level 1:colcon.colcon_core.package_discovery:discover_packages(colcon_meta) discover
[0.450s] Level 1:colcon.colcon_core.package_discovery:discover_packages(recursive) discover
[0.450s] INFO:colcon.colcon_core.package_discovery:Crawling recursively for packages in '/home/h/ros2_ws'
[0.451s] Level 1:colcon.colcon_core.package_identification:_identify(.) by extensions ['ignore', 'ignore_ament_install']
[0.451s] Level 1:colcon.colcon_core.package_identification:_identify(.) by extension 'ignore'
[0.451s] Level 1:colcon.colcon_core.package_identification:_identify(.) by extension 'ignore_ament_install'
[0.451s] Level 1:colcon.colcon_core.package_identification:_identify(.) by extensions ['colcon_pkg']
[0.451s] Level 1:colcon.colcon_core.package_identification:_identify(.) by extension 'colcon_pkg'
[0.451s] Level 1:colcon.colcon_core.package_identification:_identify(.) by extensions ['colcon_meta']
[0.451s] Level 1:colcon.colcon_core.package_identification:_identify(.) by extension 'colcon_meta'
[0.451s] Level 1:colcon.colcon_core.package_identification:_identify(.) by extensions ['ros']
[0.451s] Level 1:colcon.colcon_core.package_identification:_identify(.) by extension 'ros'
[0.461s] Level 1:colcon.colcon_core.package_identification:_identify(.) by extensions ['cmake', 'python']
[0.461s] Level 1:colcon.colcon_core.package_identification:_identify(.) by extension 'cmake'
[0.461s] Level 1:colcon.colcon_core.package_identification:_identify(.) by extension 'python'
[0.461s] Level 1:colcon.colcon_core.package_identification:_identify(.) by extensions ['python_setup_py']
[0.461s] Level 1:colcon.colcon_core.package_identification:_identify(.) by extension 'python_setup_py'
[0.461s] Level 1:colcon.colcon_core.package_identification:_identify(build) by extensions ['ignore', 'ignore_ament_install']
[0.461s] Level 1:colcon.colcon_core.package_identification:_identify(build) by extension 'ignore'
[0.461s] Level 1:colcon.colcon_core.package_identification:_identify(build) ignored
[0.461s] Level 1:colcon.colcon_core.package_identification:_identify(install) by extensions ['ignore', 'ignore_ament_install']
[0.461s] Level 1:colcon.colcon_core.package_identification:_identify(install) by extension 'ignore'
[0.461s] Level 1:colcon.colcon_core.package_identification:_identify(install) ignored
[0.461s] Level 1:colcon.colcon_core.package_identification:_identify(log) by extensions ['ignore', 'ignore_ament_install']
[0.461s] Level 1:colcon.colcon_core.package_identification:_identify(log) by extension 'ignore'
[0.462s] Level 1:colcon.colcon_core.package_identification:_identify(log) ignored
[0.462s] Level 1:colcon.colcon_core.package_identification:_identify(src) by extensions ['ignore', 'ignore_ament_install']
[0.462s] Level 1:colcon.colcon_core.package_identification:_identify(src) by extension 'ignore'
[0.462s] Level 1:colcon.colcon_core.package_identification:_identify(src) by extension 'ignore_ament_install'
[0.462s] Level 1:colcon.colcon_core.package_identification:_identify(src) by extensions ['colcon_pkg']
[0.462s] Level 1:colcon.colcon_core.package_identification:_identify(src) by extension 'colcon_pkg'
[0.462s] Level 1:colcon.colcon_core.package_identification:_identify(src) by extensions ['colcon_meta']
[0.462s] Level 1:colcon.colcon_core.package_identification:_identify(src) by extension 'colcon_meta'
[0.462s] Level 1:colcon.colcon_core.package_identification:_identify(src) by extensions ['ros']
[0.462s] Level 1:colcon.colcon_core.package_identification:_identify(src) by extension 'ros'
[0.462s] Level 1:colcon.colcon_core.package_identification:_identify(src) by extensions ['cmake', 'python']
[0.462s] Level 1:colcon.colcon_core.package_identification:_identify(src) by extension 'cmake'
[0.462s] Level 1:colcon.colcon_core.package_identification:_identify(src) by extension 'python'
[0.462s] Level 1:colcon.colcon_core.package_identification:_identify(src) by extensions ['python_setup_py']
[0.462s] Level 1:colcon.colcon_core.package_identification:_identify(src) by extension 'python_setup_py'
[0.462s] Level 1:colcon.colcon_core.package_identification:_identify(src/crc_calculator) by extensions ['ignore', 'ignore_ament_install']
[0.462s] Level 1:colcon.colcon_core.package_identification:_identify(src/crc_calculator) by extension 'ignore'
[0.462s] Level 1:colcon.colcon_core.package_identification:_identify(src/crc_calculator) by extension 'ignore_ament_install'
[0.462s] Level 1:colcon.colcon_core.package_identification:_identify(src/crc_calculator) by extensions ['colcon_pkg']
[0.462s] Level 1:colcon.colcon_core.package_identification:_identify(src/crc_calculator) by extension 'colcon_pkg'
[0.462s] Level 1:colcon.colcon_core.package_identification:_identify(src/crc_calculator) by extensions ['colcon_meta']
[0.462s] Level 1:colcon.colcon_core.package_identification:_identify(src/crc_calculator) by extension 'colcon_meta'
[0.462s] Level 1:colcon.colcon_core.package_identification:_identify(src/crc_calculator) by extensions ['ros']
[0.462s] Level 1:colcon.colcon_core.package_identification:_identify(src/crc_calculator) by extension 'ros'
[0.464s] DEBUG:colcon.colcon_core.package_identification:Package 'src/crc_calculator' with type 'ros.ament_python' and name 'crc_calculator'
[0.464s] Level 1:colcon.colcon_core.package_identification:_identify(src/modbus_node) by extensions ['ignore', 'ignore_ament_install']
[0.464s] Level 1:colcon.colcon_core.package_identification:_identify(src/modbus_node) by extension 'ignore'
[0.464s] Level 1:colcon.colcon_core.package_identification:_identify(src/modbus_node) by extension 'ignore_ament_install'
[0.464s] Level 1:colcon.colcon_core.package_identification:_identify(src/modbus_node) by extensions ['colcon_pkg']
[0.464s] Level 1:colcon.colcon_core.package_identification:_identify(src/modbus_node) by extension 'colcon_pkg'
[0.464s] Level 1:colcon.colcon_core.package_identification:_identify(src/modbus_node) by extensions ['colcon_meta']
[0.465s] Level 1:colcon.colcon_core.package_identification:_identify(src/modbus_node) by extension 'colcon_meta'
[0.465s] Level 1:colcon.colcon_core.package_identification:_identify(src/modbus_node) by extensions ['ros']
[0.465s] Level 1:colcon.colcon_core.package_identification:_identify(src/modbus_node) by extension 'ros'
[0.465s] DEBUG:colcon.colcon_core.package_identification:Package 'src/modbus_node' with type 'ros.ament_python' and name 'modbus_node'
[0.465s] Level 1:colcon.colcon_core.package_discovery:discover_packages(recursive) using defaults
[0.465s] Level 1:colcon.colcon_core.package_discovery:discover_packages(ignore) discover
[0.466s] Level 1:colcon.colcon_core.package_discovery:discover_packages(ignore) using defaults
[0.466s] Level 1:colcon.colcon_core.package_discovery:discover_packages(path) discover
[0.466s] Level 1:colcon.colcon_core.package_discovery:discover_packages(path) using defaults
[0.499s] Level 1:colcon.colcon_core.package_discovery:discover_packages(prefix_path) check parameters
[0.499s] Level 1:colcon.colcon_core.package_discovery:discover_packages(prefix_path) discover
[0.509s] DEBUG:colcon.colcon_installed_package_information.package_discovery:Found 2 installed packages in /home/h/arm_ws/install
[0.510s] DEBUG:colcon.colcon_installed_package_information.package_discovery:Found 57 installed packages in /home/h/ws_moveit/install
[0.511s] DEBUG:colcon.colcon_installed_package_information.package_discovery:Found 3 installed packages in /home/h/camera_ws/install
[0.518s] DEBUG:colcon.colcon_installed_package_information.package_discovery:Found 345 installed packages in /home/h/ros2_humble/install
[0.519s] DEBUG:colcon.colcon_installed_package_information.package_discovery:Found 2 installed packages in /home/h/ros2_ws/install
[0.520s] DEBUG:colcon.colcon_installed_package_information.package_discovery:Found 423 installed packages in /opt/ros/humble
[0.530s] Level 1:colcon.colcon_core.package_discovery:discover_packages(prefix_path) using defaults
[0.598s] Level 5:colcon.colcon_core.verb:set package 'crc_calculator' build argument 'cmake_args' from command line to 'None'
[0.598s] Level 5:colcon.colcon_core.verb:set package 'crc_calculator' build argument 'cmake_target' from command line to 'None'
[0.598s] Level 5:colcon.colcon_core.verb:set package 'crc_calculator' build argument 'cmake_target_skip_unavailable' from command line to 'False'
[0.598s] Level 5:colcon.colcon_core.verb:set package 'crc_calculator' build argument 'cmake_clean_cache' from command line to 'False'
[0.598s] Level 5:colcon.colcon_core.verb:set package 'crc_calculator' build argument 'cmake_clean_first' from command line to 'False'
[0.598s] Level 5:colcon.colcon_core.verb:set package 'crc_calculator' build argument 'cmake_force_configure' from command line to 'False'
[0.598s] Level 5:colcon.colcon_core.verb:set package 'crc_calculator' build argument 'ament_cmake_args' from command line to 'None'
[0.598s] Level 5:colcon.colcon_core.verb:set package 'crc_calculator' build argument 'catkin_cmake_args' from command line to 'None'
[0.598s] Level 5:colcon.colcon_core.verb:set package 'crc_calculator' build argument 'catkin_skip_building_tests' from command line to 'False'
[0.598s] DEBUG:colcon.colcon_core.verb:Building package 'crc_calculator' with the following arguments: {'ament_cmake_args': None, 'build_base': '/home/h/ros2_ws/build/crc_calculator', 'catkin_cmake_args': None, 'catkin_skip_building_tests': False, 'cmake_args': None, 'cmake_clean_cache': False, 'cmake_clean_first': False, 'cmake_force_configure': False, 'cmake_target': None, 'cmake_target_skip_unavailable': False, 'install_base': '/home/h/ros2_ws/install/crc_calculator', 'merge_install': False, 'path': '/home/h/ros2_ws/src/crc_calculator', 'symlink_install': True, 'test_result_base': None}
[0.599s] Level 5:colcon.colcon_core.verb:set package 'modbus_node' build argument 'cmake_args' from command line to 'None'
[0.599s] Level 5:colcon.colcon_core.verb:set package 'modbus_node' build argument 'cmake_target' from command line to 'None'
[0.599s] Level 5:colcon.colcon_core.verb:set package 'modbus_node' build argument 'cmake_target_skip_unavailable' from command line to 'False'
[0.599s] Level 5:colcon.colcon_core.verb:set package 'modbus_node' build argument 'cmake_clean_cache' from command line to 'False'
[0.599s] Level 5:colcon.colcon_core.verb:set package 'modbus_node' build argument 'cmake_clean_first' from command line to 'False'
[0.599s] Level 5:colcon.colcon_core.verb:set package 'modbus_node' build argument 'cmake_force_configure' from command line to 'False'
[0.599s] Level 5:colcon.colcon_core.verb:set package 'modbus_node' build argument 'ament_cmake_args' from command line to 'None'
[0.599s] Level 5:colcon.colcon_core.verb:set package 'modbus_node' build argument 'catkin_cmake_args' from command line to 'None'
[0.599s] Level 5:colcon.colcon_core.verb:set package 'modbus_node' build argument 'catkin_skip_building_tests' from command line to 'False'
[0.599s] DEBUG:colcon.colcon_core.verb:Building package 'modbus_node' with the following arguments: {'ament_cmake_args': None, 'build_base': '/home/h/ros2_ws/build/modbus_node', 'catkin_cmake_args': None, 'catkin_skip_building_tests': False, 'cmake_args': None, 'cmake_clean_cache': False, 'cmake_clean_first': False, 'cmake_force_configure': False, 'cmake_target': None, 'cmake_target_skip_unavailable': False, 'install_base': '/home/h/ros2_ws/install/modbus_node', 'merge_install': False, 'path': '/home/h/ros2_ws/src/modbus_node', 'symlink_install': True, 'test_result_base': None}
[0.599s] INFO:colcon.colcon_core.executor:Executing jobs using 'parallel' executor
[0.600s] DEBUG:colcon.colcon_parallel_executor.executor.parallel:run_until_complete
[0.600s] INFO:colcon.colcon_ros.task.ament_python.build:Building ROS package in '/home/h/ros2_ws/src/crc_calculator' with build type 'ament_python'
[0.600s] Level 1:colcon.colcon_core.shell:create_environment_hook('crc_calculator', 'ament_prefix_path')
[0.605s] INFO:colcon.colcon_core.plugin_system:Skipping extension 'colcon_core.shell.bat': Not used on non-Windows systems
[0.605s] INFO:colcon.colcon_core.shell:Creating environment hook '/home/h/ros2_ws/install/crc_calculator/share/crc_calculator/hook/ament_prefix_path.ps1'
[0.605s] INFO:colcon.colcon_core.shell:Creating environment descriptor '/home/h/ros2_ws/install/crc_calculator/share/crc_calculator/hook/ament_prefix_path.dsv'
[0.606s] INFO:colcon.colcon_core.shell:Creating environment hook '/home/h/ros2_ws/install/crc_calculator/share/crc_calculator/hook/ament_prefix_path.sh'
[0.606s] INFO:colcon.colcon_core.shell:Skip shell extension 'powershell' for command environment: Not usable outside of PowerShell
[0.606s] DEBUG:colcon.colcon_core.shell:Skip shell extension 'dsv' for command environment
[0.627s] INFO:colcon.colcon_ros.task.ament_python.build:Building ROS package in '/home/h/ros2_ws/src/modbus_node' with build type 'ament_python'
[0.627s] Level 1:colcon.colcon_core.shell:create_environment_hook('modbus_node', 'ament_prefix_path')
[0.627s] INFO:colcon.colcon_core.shell:Creating environment hook '/home/h/ros2_ws/install/modbus_node/share/modbus_node/hook/ament_prefix_path.ps1'
[0.628s] INFO:colcon.colcon_core.shell:Creating environment descriptor '/home/h/ros2_ws/install/modbus_node/share/modbus_node/hook/ament_prefix_path.dsv'
[0.628s] INFO:colcon.colcon_core.shell:Creating environment hook '/home/h/ros2_ws/install/modbus_node/share/modbus_node/hook/ament_prefix_path.sh'
[0.629s] INFO:colcon.colcon_core.shell:Skip shell extension 'powershell' for command environment: Not usable outside of PowerShell
[0.629s] DEBUG:colcon.colcon_core.shell:Skip shell extension 'dsv' for command environment
[1.112s] INFO:colcon.colcon_core.task.python.build:Building Python package in '/home/h/ros2_ws/src/crc_calculator'
[1.113s] INFO:colcon.colcon_core.shell:Skip shell extension 'powershell' for command environment: Not usable outside of PowerShell
[1.113s] DEBUG:colcon.colcon_core.shell:Skip shell extension 'dsv' for command environment
[1.594s] INFO:colcon.colcon_core.task.python.build:Building Python package in '/home/h/ros2_ws/src/modbus_node'
[1.595s] INFO:colcon.colcon_core.shell:Skip shell extension 'powershell' for command environment: Not usable outside of PowerShell
[1.595s] DEBUG:colcon.colcon_core.shell:Skip shell extension 'dsv' for command environment
[2.291s] DEBUG:colcon.colcon_core.event_handler.log_command:Invoking command in '/home/h/ros2_ws/build/crc_calculator': PYTHONPATH=/home/h/ros2_ws/build/crc_calculator/prefix_override:/usr/lib/python3/dist-packages/colcon_core/task/python/colcon_distutils_commands:/home/h/ros2_ws/install/crc_calculator/lib/python3.10/site-packages:${PYTHONPATH} /usr/bin/python3 -W ignore:setup.py install is deprecated -W ignore:easy_install command is deprecated setup.py develop --editable --build-directory /home/h/ros2_ws/build/crc_calculator/build --no-deps symlink_data
[2.314s] DEBUG:colcon.colcon_core.event_handler.log_command:Invoking command in '/home/h/ros2_ws/build/modbus_node': PYTHONPATH=/home/h/ros2_ws/build/modbus_node/prefix_override:/usr/lib/python3/dist-packages/colcon_core/task/python/colcon_distutils_commands:/home/h/ros2_ws/install/modbus_node/lib/python3.10/site-packages:${PYTHONPATH} /usr/bin/python3 -W ignore:setup.py install is deprecated -W ignore:easy_install command is deprecated setup.py develop --editable --build-directory /home/h/ros2_ws/build/modbus_node/build --no-deps symlink_data
[3.163s] Level 1:colcon.colcon_core.shell:create_environment_hook('crc_calculator', 'pythonpath_develop')
[3.163s] INFO:colcon.colcon_core.shell:Creating environment hook '/home/h/ros2_ws/build/crc_calculator/share/crc_calculator/hook/pythonpath_develop.ps1'
[3.163s] DEBUG:colcon.colcon_core.event_handler.log_command:Invoked command in '/home/h/ros2_ws/build/crc_calculator' returned '0': PYTHONPATH=/home/h/ros2_ws/build/crc_calculator/prefix_override:/usr/lib/python3/dist-packages/colcon_core/task/python/colcon_distutils_commands:/home/h/ros2_ws/install/crc_calculator/lib/python3.10/site-packages:${PYTHONPATH} /usr/bin/python3 -W ignore:setup.py install is deprecated -W ignore:easy_install command is deprecated setup.py develop --editable --build-directory /home/h/ros2_ws/build/crc_calculator/build --no-deps symlink_data
[3.164s] INFO:colcon.colcon_core.shell:Creating environment descriptor '/home/h/ros2_ws/build/crc_calculator/share/crc_calculator/hook/pythonpath_develop.dsv'
[3.164s] INFO:colcon.colcon_core.shell:Creating environment hook '/home/h/ros2_ws/build/crc_calculator/share/crc_calculator/hook/pythonpath_develop.sh'
[3.169s] Level 1:colcon.colcon_core.environment:checking '/home/h/ros2_ws/install/crc_calculator' for CMake module files
[3.170s] Level 1:colcon.colcon_core.environment:checking '/home/h/ros2_ws/install/crc_calculator' for CMake config files
[3.170s] Level 1:colcon.colcon_core.environment:checking '/home/h/ros2_ws/install/crc_calculator/lib'
[3.170s] Level 1:colcon.colcon_core.environment:checking '/home/h/ros2_ws/install/crc_calculator/bin'
[3.170s] Level 1:colcon.colcon_core.environment:checking '/home/h/ros2_ws/install/crc_calculator/lib/pkgconfig/crc_calculator.pc'
[3.171s] Level 1:colcon.colcon_core.environment:checking '/home/h/ros2_ws/install/crc_calculator/lib/python3.10/site-packages'
[3.171s] Level 1:colcon.colcon_core.shell:create_environment_hook('crc_calculator', 'pythonpath')
[3.171s] INFO:colcon.colcon_core.shell:Creating environment hook '/home/h/ros2_ws/install/crc_calculator/share/crc_calculator/hook/pythonpath.ps1'
[3.171s] INFO:colcon.colcon_core.shell:Creating environment descriptor '/home/h/ros2_ws/install/crc_calculator/share/crc_calculator/hook/pythonpath.dsv'
[3.171s] INFO:colcon.colcon_core.shell:Creating environment hook '/home/h/ros2_ws/install/crc_calculator/share/crc_calculator/hook/pythonpath.sh'
[3.172s] Level 1:colcon.colcon_core.environment:checking '/home/h/ros2_ws/install/crc_calculator/bin'
[3.172s] Level 1:colcon.colcon_core.environment:create_environment_scripts_only(crc_calculator)
[3.172s] INFO:colcon.colcon_core.shell:Creating package script '/home/h/ros2_ws/install/crc_calculator/share/crc_calculator/package.ps1'
[3.173s] INFO:colcon.colcon_core.shell:Creating package descriptor '/home/h/ros2_ws/install/crc_calculator/share/crc_calculator/package.dsv'
[3.173s] INFO:colcon.colcon_core.shell:Creating package script '/home/h/ros2_ws/install/crc_calculator/share/crc_calculator/package.sh'
[3.174s] INFO:colcon.colcon_core.shell:Creating package script '/home/h/ros2_ws/install/crc_calculator/share/crc_calculator/package.bash'
[3.174s] INFO:colcon.colcon_core.shell:Creating package script '/home/h/ros2_ws/install/crc_calculator/share/crc_calculator/package.zsh'
[3.175s] Level 1:colcon.colcon_core.environment:create_file_with_runtime_dependencies(/home/h/ros2_ws/install/crc_calculator/share/colcon-core/packages/crc_calculator)
[3.244s] Level 1:colcon.colcon_core.shell:create_environment_hook('modbus_node', 'pythonpath_develop')
[3.244s] INFO:colcon.colcon_core.shell:Creating environment hook '/home/h/ros2_ws/build/modbus_node/share/modbus_node/hook/pythonpath_develop.ps1'
[3.245s] DEBUG:colcon.colcon_core.event_handler.log_command:Invoked command in '/home/h/ros2_ws/build/modbus_node' returned '0': PYTHONPATH=/home/h/ros2_ws/build/modbus_node/prefix_override:/usr/lib/python3/dist-packages/colcon_core/task/python/colcon_distutils_commands:/home/h/ros2_ws/install/modbus_node/lib/python3.10/site-packages:${PYTHONPATH} /usr/bin/python3 -W ignore:setup.py install is deprecated -W ignore:easy_install command is deprecated setup.py develop --editable --build-directory /home/h/ros2_ws/build/modbus_node/build --no-deps symlink_data
[3.245s] INFO:colcon.colcon_core.shell:Creating environment descriptor '/home/h/ros2_ws/build/modbus_node/share/modbus_node/hook/pythonpath_develop.dsv'
[3.245s] INFO:colcon.colcon_core.shell:Creating environment hook '/home/h/ros2_ws/build/modbus_node/share/modbus_node/hook/pythonpath_develop.sh'
[3.246s] Level 1:colcon.colcon_core.environment:checking '/home/h/ros2_ws/install/modbus_node' for CMake module files
[3.246s] Level 1:colcon.colcon_core.environment:checking '/home/h/ros2_ws/install/modbus_node' for CMake config files
[3.246s] Level 1:colcon.colcon_core.environment:checking '/home/h/ros2_ws/install/modbus_node/lib'
[3.246s] Level 1:colcon.colcon_core.environment:checking '/home/h/ros2_ws/install/modbus_node/bin'
[3.247s] Level 1:colcon.colcon_core.environment:checking '/home/h/ros2_ws/install/modbus_node/lib/pkgconfig/modbus_node.pc'
[3.247s] Level 1:colcon.colcon_core.environment:checking '/home/h/ros2_ws/install/modbus_node/lib/python3.10/site-packages'
[3.247s] Level 1:colcon.colcon_core.shell:create_environment_hook('modbus_node', 'pythonpath')
[3.247s] INFO:colcon.colcon_core.shell:Creating environment hook '/home/h/ros2_ws/install/modbus_node/share/modbus_node/hook/pythonpath.ps1'
[3.247s] INFO:colcon.colcon_core.shell:Creating environment descriptor '/home/h/ros2_ws/install/modbus_node/share/modbus_node/hook/pythonpath.dsv'
[3.248s] INFO:colcon.colcon_core.shell:Creating environment hook '/home/h/ros2_ws/install/modbus_node/share/modbus_node/hook/pythonpath.sh'
[3.248s] Level 1:colcon.colcon_core.environment:checking '/home/h/ros2_ws/install/modbus_node/bin'
[3.248s] Level 1:colcon.colcon_core.environment:create_environment_scripts_only(modbus_node)
[3.248s] INFO:colcon.colcon_core.shell:Creating package script '/home/h/ros2_ws/install/modbus_node/share/modbus_node/package.ps1'
[3.249s] INFO:colcon.colcon_core.shell:Creating package descriptor '/home/h/ros2_ws/install/modbus_node/share/modbus_node/package.dsv'
[3.249s] INFO:colcon.colcon_core.shell:Creating package script '/home/h/ros2_ws/install/modbus_node/share/modbus_node/package.sh'
[3.249s] INFO:colcon.colcon_core.shell:Creating package script '/home/h/ros2_ws/install/modbus_node/share/modbus_node/package.bash'
[3.250s] INFO:colcon.colcon_core.shell:Creating package script '/home/h/ros2_ws/install/modbus_node/share/modbus_node/package.zsh'
[3.250s] Level 1:colcon.colcon_core.environment:create_file_with_runtime_dependencies(/home/h/ros2_ws/install/modbus_node/share/colcon-core/packages/modbus_node)
[3.250s] DEBUG:colcon.colcon_parallel_executor.executor.parallel:closing loop
[3.250s] DEBUG:colcon.colcon_parallel_executor.executor.parallel:loop closed
[3.250s] DEBUG:colcon.colcon_parallel_executor.executor.parallel:run_until_complete finished with '0'
[3.250s] DEBUG:colcon.colcon_core.event_reactor:joining thread
[3.261s] INFO:colcon.colcon_core.plugin_system:Skipping extension 'colcon_notification.desktop_notification.terminal_notifier': Not used on non-Darwin systems
[3.261s] INFO:colcon.colcon_core.plugin_system:Skipping extension 'colcon_notification.desktop_notification.win32': Not used on non-Windows systems
[3.261s] INFO:colcon.colcon_notification.desktop_notification:Sending desktop notification using 'notify2'
[3.270s] DEBUG:colcon.colcon_core.event_reactor:joined thread
[3.270s] INFO:colcon.colcon_core.shell:Creating prefix script '/home/h/ros2_ws/install/local_setup.ps1'
[3.271s] INFO:colcon.colcon_core.shell:Creating prefix util module '/home/h/ros2_ws/install/_local_setup_util_ps1.py'
[3.272s] INFO:colcon.colcon_core.shell:Creating prefix chain script '/home/h/ros2_ws/install/setup.ps1'
[3.283s] INFO:colcon.colcon_core.shell:Creating prefix script '/home/h/ros2_ws/install/local_setup.sh'
[3.284s] INFO:colcon.colcon_core.shell:Creating prefix util module '/home/h/ros2_ws/install/_local_setup_util_sh.py'
[3.284s] INFO:colcon.colcon_core.shell:Creating prefix chain script '/home/h/ros2_ws/install/setup.sh'
[3.296s] INFO:colcon.colcon_core.shell:Creating prefix script '/home/h/ros2_ws/install/local_setup.bash'
[3.296s] INFO:colcon.colcon_core.shell:Creating prefix chain script '/home/h/ros2_ws/install/setup.bash'
[3.307s] INFO:colcon.colcon_core.shell:Creating prefix script '/home/h/ros2_ws/install/local_setup.zsh'
[3.308s] INFO:colcon.colcon_core.shell:Creating prefix chain script '/home/h/ros2_ws/install/setup.zsh'
